/home/artamonov/.jdks/openjdk-17/bin/java -Dmaven.multiModuleProjectDirectory=/home/artamonov/test/depressed-knocker -Dmaven.home=/home/artamonov/projects/intellij/community/plugins/maven/maven36-server-impl/lib/maven3 -Dclassworlds.conf=/home/artamonov/projects/intellij/community/plugins/maven/maven36-server-impl/lib/maven3/bin/m2.conf -Dmaven.ext.class.path=/home/artamonov/projects/intellij/out/classes/production/intellij.maven.server.eventListener -Didea.launcher.port=42033 -Didea.launcher.bin.path=/home/artamonov/projects/intellij/bin -Dfile.encoding=UTF-8 -classpath /home/artamonov/projects/intellij/community/plugins/maven/maven36-server-impl/lib/maven3/boot/plexus-classworlds.license:/home/artamonov/projects/intellij/community/plugins/maven/maven36-server-impl/lib/maven3/boot/plexus-classworlds-2.6.0.jar:/home/artamonov/projects/intellij/out/classes/production/intellij.java.rt com.intellij.rt.execution.application.AppMainV2 org.codehaus.classworlds.Launcher -Didea.version=2021.3 --debug package
Apache Maven 3.6.3 (cecedd343002696d0abb50b32b541b8a6ba2883f)
Maven home: /home/artamonov/projects/intellij/community/plugins/maven/maven36-server-impl/lib/maven3
Java version: 17, vendor: Oracle Corporation, runtime: /home/artamonov/.jdks/openjdk-17
Default locale: en_US, platform encoding: UTF-8
OS name: "linux", version: "5.4.0-84-generic", arch: "amd64", family: "unix"
[DEBUG]   Included /home/artamonov/projects/intellij/out/classes/production/intellij.maven.server.eventListener
[DEBUG] Populating class realm maven.ext
[DEBUG]   Included /home/artamonov/projects/intellij/out/classes/production/intellij.maven.server.eventListener
[DEBUG] Created new class realm maven.api
[DEBUG] Importing foreign packages into class realm maven.api
[DEBUG]   Imported: javax.annotation.* < maven.ext
[DEBUG]   Imported: javax.annotation.security.* < maven.ext
[DEBUG]   Imported: javax.enterprise.inject.* < maven.ext
[DEBUG]   Imported: javax.enterprise.util.* < maven.ext
[DEBUG]   Imported: javax.inject.* < maven.ext
[DEBUG]   Imported: org.apache.maven.* < maven.ext
[DEBUG]   Imported: org.apache.maven.artifact < maven.ext
[DEBUG]   Imported: org.apache.maven.classrealm < maven.ext
[DEBUG]   Imported: org.apache.maven.cli < maven.ext
[DEBUG]   Imported: org.apache.maven.configuration < maven.ext
[DEBUG]   Imported: org.apache.maven.exception < maven.ext
[DEBUG]   Imported: org.apache.maven.execution < maven.ext
[DEBUG]   Imported: org.apache.maven.execution.scope < maven.ext
[DEBUG]   Imported: org.apache.maven.lifecycle < maven.ext
[DEBUG]   Imported: org.apache.maven.model < maven.ext
[DEBUG]   Imported: org.apache.maven.monitor < maven.ext
[DEBUG]   Imported: org.apache.maven.plugin < maven.ext
[DEBUG]   Imported: org.apache.maven.profiles < maven.ext
[DEBUG]   Imported: org.apache.maven.project < maven.ext
[DEBUG]   Imported: org.apache.maven.reporting < maven.ext
[DEBUG]   Imported: org.apache.maven.repository < maven.ext
[DEBUG]   Imported: org.apache.maven.rtinfo < maven.ext
[DEBUG]   Imported: org.apache.maven.settings < maven.ext
[DEBUG]   Imported: org.apache.maven.toolchain < maven.ext
[DEBUG]   Imported: org.apache.maven.usability < maven.ext
[DEBUG]   Imported: org.apache.maven.wagon.* < maven.ext
[DEBUG]   Imported: org.apache.maven.wagon.authentication < maven.ext
[DEBUG]   Imported: org.apache.maven.wagon.authorization < maven.ext
[DEBUG]   Imported: org.apache.maven.wagon.events < maven.ext
[DEBUG]   Imported: org.apache.maven.wagon.observers < maven.ext
[DEBUG]   Imported: org.apache.maven.wagon.proxy < maven.ext
[DEBUG]   Imported: org.apache.maven.wagon.repository < maven.ext
[DEBUG]   Imported: org.apache.maven.wagon.resource < maven.ext
[DEBUG]   Imported: org.codehaus.classworlds < maven.ext
[DEBUG]   Imported: org.codehaus.plexus.* < maven.ext
[DEBUG]   Imported: org.codehaus.plexus.classworlds < maven.ext
[DEBUG]   Imported: org.codehaus.plexus.component < maven.ext
[DEBUG]   Imported: org.codehaus.plexus.configuration < maven.ext
[DEBUG]   Imported: org.codehaus.plexus.container < maven.ext
[DEBUG]   Imported: org.codehaus.plexus.context < maven.ext
[DEBUG]   Imported: org.codehaus.plexus.lifecycle < maven.ext
[DEBUG]   Imported: org.codehaus.plexus.logging < maven.ext
[DEBUG]   Imported: org.codehaus.plexus.personality < maven.ext
[DEBUG]   Imported: org.codehaus.plexus.util.xml.Xpp3Dom < maven.ext
[DEBUG]   Imported: org.codehaus.plexus.util.xml.pull.XmlPullParser < maven.ext
[DEBUG]   Imported: org.codehaus.plexus.util.xml.pull.XmlPullParserException < maven.ext
[DEBUG]   Imported: org.codehaus.plexus.util.xml.pull.XmlSerializer < maven.ext
[DEBUG]   Imported: org.eclipse.aether.* < maven.ext
[DEBUG]   Imported: org.eclipse.aether.artifact < maven.ext
[DEBUG]   Imported: org.eclipse.aether.collection < maven.ext
[DEBUG]   Imported: org.eclipse.aether.deployment < maven.ext
[DEBUG]   Imported: org.eclipse.aether.graph < maven.ext
[DEBUG]   Imported: org.eclipse.aether.impl < maven.ext
[DEBUG]   Imported: org.eclipse.aether.installation < maven.ext
[DEBUG]   Imported: org.eclipse.aether.internal.impl < maven.ext
[DEBUG]   Imported: org.eclipse.aether.metadata < maven.ext
[DEBUG]   Imported: org.eclipse.aether.repository < maven.ext
[DEBUG]   Imported: org.eclipse.aether.resolution < maven.ext
[DEBUG]   Imported: org.eclipse.aether.spi < maven.ext
[DEBUG]   Imported: org.eclipse.aether.transfer < maven.ext
[DEBUG]   Imported: org.eclipse.aether.version < maven.ext
[DEBUG]   Imported: org.fusesource.jansi.* < maven.ext
[DEBUG]   Imported: org.slf4j.* < maven.ext
[DEBUG]   Imported: org.slf4j.event.* < maven.ext
[DEBUG]   Imported: org.slf4j.helpers.* < maven.ext
[DEBUG]   Imported: org.slf4j.spi.* < maven.ext
[DEBUG] Populating class realm maven.api
[INFO] Error stacktraces are turned on.
[DEBUG] Message scheme: color
[DEBUG] Message styles: debug info warning error success failure strong mojo project
[DEBUG] Reading global settings from /home/artamonov/projects/intellij/community/plugins/maven/maven36-server-impl/lib/maven3/conf/settings.xml
[DEBUG] Reading user settings from /home/artamonov/.m2/settings.xml
[DEBUG] Reading global toolchains from /home/artamonov/projects/intellij/community/plugins/maven/maven36-server-impl/lib/maven3/conf/toolchains.xml
[DEBUG] Reading user toolchains from /home/artamonov/.m2/toolchains.xml
[DEBUG] Using local repository at /home/artamonov/.m2/repository
[DEBUG] Using manager EnhancedLocalRepositoryManager with priority 10.0 for /home/artamonov/.m2/repository
[INFO] Scanning for projects...
[DEBUG] Extension realms for project com.example:depressed-knocker:jar:1.0-SNAPSHOT: (none)
[DEBUG] Looking up lifecycle mappings for packaging jar from ClassRealm[maven.ext, parent: ClassRealm[plexus.core, parent: null]]
[DEBUG] === REACTOR BUILD PLAN ================================================
[DEBUG] Project: com.example:depressed-knocker:jar:1.0-SNAPSHOT
[DEBUG] Tasks:   [package]
[DEBUG] Style:   Regular
[DEBUG] =======================================================================
[INFO] 
[INFO] -------------------< com.example:depressed-knocker >--------------------
[INFO] Building depressed-knocker 1.0-SNAPSHOT
[INFO] --------------------------------[ jar ]---------------------------------
[DEBUG] Lifecycle default -> [validate, initialize, generate-sources, process-sources, generate-resources, process-resources, compile, process-classes, generate-test-sources, process-test-sources, generate-test-resources, process-test-resources, test-compile, process-test-classes, test, prepare-package, package, pre-integration-test, integration-test, post-integration-test, verify, install, deploy]
[DEBUG] Lifecycle clean -> [pre-clean, clean, post-clean]
[DEBUG] Lifecycle site -> [pre-site, site, post-site, site-deploy]
[DEBUG] Lifecycle default -> [validate, initialize, generate-sources, process-sources, generate-resources, process-resources, compile, process-classes, generate-test-sources, process-test-sources, generate-test-resources, process-test-resources, test-compile, process-test-classes, test, prepare-package, package, pre-integration-test, integration-test, post-integration-test, verify, install, deploy]
[DEBUG] Lifecycle clean -> [pre-clean, clean, post-clean]
[DEBUG] Lifecycle site -> [pre-site, site, post-site, site-deploy]
[DEBUG] Lifecycle default -> [validate, initialize, generate-sources, process-sources, generate-resources, process-resources, compile, process-classes, generate-test-sources, process-test-sources, generate-test-resources, process-test-resources, test-compile, process-test-classes, test, prepare-package, package, pre-integration-test, integration-test, post-integration-test, verify, install, deploy]
[DEBUG] Lifecycle clean -> [pre-clean, clean, post-clean]
[DEBUG] Lifecycle site -> [pre-site, site, post-site, site-deploy]
[DEBUG] Lifecycle default -> [validate, initialize, generate-sources, process-sources, generate-resources, process-resources, compile, process-classes, generate-test-sources, process-test-sources, generate-test-resources, process-test-resources, test-compile, process-test-classes, test, prepare-package, package, pre-integration-test, integration-test, post-integration-test, verify, install, deploy]
[DEBUG] Lifecycle clean -> [pre-clean, clean, post-clean]
[DEBUG] Lifecycle site -> [pre-site, site, post-site, site-deploy]
[DEBUG] Lifecycle default -> [validate, initialize, generate-sources, process-sources, generate-resources, process-resources, compile, process-classes, generate-test-sources, process-test-sources, generate-test-resources, process-test-resources, test-compile, process-test-classes, test, prepare-package, package, pre-integration-test, integration-test, post-integration-test, verify, install, deploy]
[DEBUG] Lifecycle clean -> [pre-clean, clean, post-clean]
[DEBUG] Lifecycle site -> [pre-site, site, post-site, site-deploy]
[DEBUG] Lifecycle default -> [validate, initialize, generate-sources, process-sources, generate-resources, process-resources, compile, process-classes, generate-test-sources, process-test-sources, generate-test-resources, process-test-resources, test-compile, process-test-classes, test, prepare-package, package, pre-integration-test, integration-test, post-integration-test, verify, install, deploy]
[DEBUG] Lifecycle clean -> [pre-clean, clean, post-clean]
[DEBUG] Lifecycle site -> [pre-site, site, post-site, site-deploy]
[DEBUG] Lifecycle default -> [validate, initialize, generate-sources, process-sources, generate-resources, process-resources, compile, process-classes, generate-test-sources, process-test-sources, generate-test-resources, process-test-resources, test-compile, process-test-classes, test, prepare-package, package, pre-integration-test, integration-test, post-integration-test, verify, install, deploy]
[DEBUG] Lifecycle clean -> [pre-clean, clean, post-clean]
[DEBUG] Lifecycle site -> [pre-site, site, post-site, site-deploy]
[DEBUG] === PROJECT BUILD PLAN ================================================
[DEBUG] Project:       com.example:depressed-knocker:1.0-SNAPSHOT
[DEBUG] Dependencies (collect): []
[DEBUG] Dependencies (resolve): [compile, runtime, test]
[DEBUG] Repositories (dependencies): [central (https://repo.maven.apache.org/maven2, default, releases)]
[DEBUG] Repositories (plugins)     : [central (https://repo.maven.apache.org/maven2, default, releases)]
[DEBUG] -----------------------------------------------------------------------
[DEBUG] Goal:          org.apache.maven.plugins:maven-resources-plugin:2.6:resources (default-resources)
[DEBUG] Style:         Regular
[DEBUG] Configuration: <?xml version="1.0" encoding="UTF-8"?>
<configuration>
  <buildFilters default-value="${project.build.filters}"/>
  <encoding default-value="${project.build.sourceEncoding}">${encoding}</encoding>
  <escapeString>${maven.resources.escapeString}</escapeString>
  <escapeWindowsPaths default-value="true">${maven.resources.escapeWindowsPaths}</escapeWindowsPaths>
  <includeEmptyDirs default-value="false">${maven.resources.includeEmptyDirs}</includeEmptyDirs>
  <outputDirectory default-value="${project.build.outputDirectory}"/>
  <overwrite default-value="false">${maven.resources.overwrite}</overwrite>
  <project default-value="${project}"/>
  <resources default-value="${project.resources}"/>
  <session default-value="${session}"/>
  <supportMultiLineFiltering default-value="false">${maven.resources.supportMultiLineFiltering}</supportMultiLineFiltering>
  <useBuildFilters default-value="true"/>
  <useDefaultDelimiters default-value="true"/>
</configuration>
[DEBUG] -----------------------------------------------------------------------
[DEBUG] Goal:          org.apache.maven.plugins:maven-compiler-plugin:3.8.1:compile (default-compile)
[DEBUG] Style:         Regular
[DEBUG] Configuration: <?xml version="1.0" encoding="UTF-8"?>
<configuration>
  <basedir default-value="${basedir}"/>
  <buildDirectory default-value="${project.build.directory}"/>
  <compilePath default-value="${project.compileClasspathElements}"/>
  <compileSourceRoots default-value="${project.compileSourceRoots}"/>
  <compilerId default-value="javac">${maven.compiler.compilerId}</compilerId>
  <compilerReuseStrategy default-value="${reuseCreated}">${maven.compiler.compilerReuseStrategy}</compilerReuseStrategy>
  <compilerVersion>${maven.compiler.compilerVersion}</compilerVersion>
  <debug default-value="true">${maven.compiler.debug}</debug>
  <debuglevel>${maven.compiler.debuglevel}</debuglevel>
  <encoding default-value="${project.build.sourceEncoding}">${encoding}</encoding>
  <executable>${maven.compiler.executable}</executable>
  <failOnError default-value="true">${maven.compiler.failOnError}</failOnError>
  <failOnWarning default-value="false">${maven.compiler.failOnWarning}</failOnWarning>
  <forceJavacCompilerUse default-value="false">${maven.compiler.forceJavacCompilerUse}</forceJavacCompilerUse>
  <fork default-value="false">${maven.compiler.fork}</fork>
  <generatedSourcesDirectory default-value="${project.build.directory}/generated-sources/annotations"/>
  <maxmem>${maven.compiler.maxmem}</maxmem>
  <meminitial>${maven.compiler.meminitial}</meminitial>
  <mojoExecution default-value="${mojoExecution}"/>
  <optimize default-value="false">${maven.compiler.optimize}</optimize>
  <outputDirectory default-value="${project.build.outputDirectory}"/>
  <parameters default-value="false">${maven.compiler.parameters}</parameters>
  <project default-value="${project}"/>
  <projectArtifact default-value="${project.artifact}"/>
  <release>${maven.compiler.release}</release>
  <session default-value="${session}"/>
  <showDeprecation default-value="false">${maven.compiler.showDeprecation}</showDeprecation>
  <showWarnings default-value="false">${maven.compiler.showWarnings}</showWarnings>
  <skipMain>${maven.main.skip}</skipMain>
  <skipMultiThreadWarning default-value="false">${maven.compiler.skipMultiThreadWarning}</skipMultiThreadWarning>
  <source default-value="1.6">17</source>
  <staleMillis default-value="0">${lastModGranularityMs}</staleMillis>
  <target default-value="1.6">17</target>
  <useIncrementalCompilation default-value="true">${maven.compiler.useIncrementalCompilation}</useIncrementalCompilation>
  <verbose default-value="false">${maven.compiler.verbose}</verbose>
</configuration>
[DEBUG] -----------------------------------------------------------------------
[DEBUG] Goal:          org.apache.maven.plugins:maven-resources-plugin:2.6:testResources (default-testResources)
[DEBUG] Style:         Regular
[DEBUG] Configuration: <?xml version="1.0" encoding="UTF-8"?>
<configuration>
  <buildFilters default-value="${project.build.filters}"/>
  <encoding default-value="${project.build.sourceEncoding}">${encoding}</encoding>
  <escapeString>${maven.resources.escapeString}</escapeString>
  <escapeWindowsPaths default-value="true">${maven.resources.escapeWindowsPaths}</escapeWindowsPaths>
  <includeEmptyDirs default-value="false">${maven.resources.includeEmptyDirs}</includeEmptyDirs>
  <outputDirectory default-value="${project.build.testOutputDirectory}"/>
  <overwrite default-value="false">${maven.resources.overwrite}</overwrite>
  <project default-value="${project}"/>
  <resources default-value="${project.testResources}"/>
  <session default-value="${session}"/>
  <skip>${maven.test.skip}</skip>
  <supportMultiLineFiltering default-value="false">${maven.resources.supportMultiLineFiltering}</supportMultiLineFiltering>
  <useBuildFilters default-value="true"/>
  <useDefaultDelimiters default-value="true"/>
</configuration>
[DEBUG] -----------------------------------------------------------------------
[DEBUG] Goal:          org.apache.maven.plugins:maven-compiler-plugin:3.8.1:testCompile (default-testCompile)
[DEBUG] Style:         Regular
[DEBUG] Configuration: <?xml version="1.0" encoding="UTF-8"?>
<configuration>
  <basedir default-value="${basedir}"/>
  <buildDirectory default-value="${project.build.directory}"/>
  <compilePath default-value="${project.compileClasspathElements}"/>
  <compileSourceRoots default-value="${project.testCompileSourceRoots}"/>
  <compilerId default-value="javac">${maven.compiler.compilerId}</compilerId>
  <compilerReuseStrategy default-value="${reuseCreated}">${maven.compiler.compilerReuseStrategy}</compilerReuseStrategy>
  <compilerVersion>${maven.compiler.compilerVersion}</compilerVersion>
  <debug default-value="true">${maven.compiler.debug}</debug>
  <debuglevel>${maven.compiler.debuglevel}</debuglevel>
  <encoding default-value="${project.build.sourceEncoding}">${encoding}</encoding>
  <executable>${maven.compiler.executable}</executable>
  <failOnError default-value="true">${maven.compiler.failOnError}</failOnError>
  <failOnWarning default-value="false">${maven.compiler.failOnWarning}</failOnWarning>
  <forceJavacCompilerUse default-value="false">${maven.compiler.forceJavacCompilerUse}</forceJavacCompilerUse>
  <fork default-value="false">${maven.compiler.fork}</fork>
  <generatedTestSourcesDirectory default-value="${project.build.directory}/generated-test-sources/test-annotations"/>
  <maxmem>${maven.compiler.maxmem}</maxmem>
  <meminitial>${maven.compiler.meminitial}</meminitial>
  <mojoExecution default-value="${mojoExecution}"/>
  <optimize default-value="false">${maven.compiler.optimize}</optimize>
  <outputDirectory default-value="${project.build.testOutputDirectory}"/>
  <parameters default-value="false">${maven.compiler.parameters}</parameters>
  <project default-value="${project}"/>
  <release>${maven.compiler.release}</release>
  <session default-value="${session}"/>
  <showDeprecation default-value="false">${maven.compiler.showDeprecation}</showDeprecation>
  <showWarnings default-value="false">${maven.compiler.showWarnings}</showWarnings>
  <skip>${maven.test.skip}</skip>
  <skipMultiThreadWarning default-value="false">${maven.compiler.skipMultiThreadWarning}</skipMultiThreadWarning>
  <source default-value="1.6">17</source>
  <staleMillis default-value="0">${lastModGranularityMs}</staleMillis>
  <target default-value="1.6">17</target>
  <testPath default-value="${project.testClasspathElements}"/>
  <testRelease>${maven.compiler.testRelease}</testRelease>
  <testSource>${maven.compiler.testSource}</testSource>
  <testTarget>${maven.compiler.testTarget}</testTarget>
  <useIncrementalCompilation default-value="true">${maven.compiler.useIncrementalCompilation}</useIncrementalCompilation>
  <verbose default-value="false">${maven.compiler.verbose}</verbose>
</configuration>
[DEBUG] -----------------------------------------------------------------------
[DEBUG] Goal:          org.apache.maven.plugins:maven-surefire-plugin:2.12.4:test (default-test)
[DEBUG] Style:         Regular
[DEBUG] Configuration: <?xml version="1.0" encoding="UTF-8"?>
<configuration>
  <argLine>${argLine}</argLine>
  <basedir default-value="${basedir}"/>
  <childDelegation default-value="false">${childDelegation}</childDelegation>
  <classesDirectory default-value="${project.build.outputDirectory}"/>
  <debugForkedProcess>${maven.surefire.debug}</debugForkedProcess>
  <disableXmlReport default-value="false">${disableXmlReport}</disableXmlReport>
  <enableAssertions default-value="true">${enableAssertions}</enableAssertions>
  <excludedGroups>${excludedGroups}</excludedGroups>
  <failIfNoSpecifiedTests>${surefire.failIfNoSpecifiedTests}</failIfNoSpecifiedTests>
  <failIfNoTests>${failIfNoTests}</failIfNoTests>
  <forkMode default-value="once">${forkMode}</forkMode>
  <forkedProcessTimeoutInSeconds>${surefire.timeout}</forkedProcessTimeoutInSeconds>
  <groups>${groups}</groups>
  <junitArtifactName default-value="junit:junit">${junitArtifactName}</junitArtifactName>
  <jvm>${jvm}</jvm>
  <localRepository default-value="${localRepository}"/>
  <objectFactory>${objectFactory}</objectFactory>
  <parallel>${parallel}</parallel>
  <parallelMavenExecution default-value="${session.parallel}"/>
  <perCoreThreadCount default-value="true">${perCoreThreadCount}</perCoreThreadCount>
  <pluginArtifactMap>${plugin.artifactMap}</pluginArtifactMap>
  <pluginDescriptor default-value="${plugin}"/>
  <printSummary default-value="true">${surefire.printSummary}</printSummary>
  <projectArtifactMap>${project.artifactMap}</projectArtifactMap>
  <redirectTestOutputToFile default-value="false">${maven.test.redirectTestOutputToFile}</redirectTestOutputToFile>
  <remoteRepositories default-value="${project.pluginArtifactRepositories}"/>
  <reportFormat default-value="brief">${surefire.reportFormat}</reportFormat>
  <reportNameSuffix default-value="">${surefire.reportNameSuffix}</reportNameSuffix>
  <reportsDirectory default-value="${project.build.directory}/surefire-reports"/>
  <runOrder default-value="filesystem"/>
  <skip default-value="false">${maven.test.skip}</skip>
  <skipExec>${maven.test.skip.exec}</skipExec>
  <skipTests default-value="false">${skipTests}</skipTests>
  <test>${test}</test>
  <testClassesDirectory default-value="${project.build.testOutputDirectory}"/>
  <testFailureIgnore default-value="false">${maven.test.failure.ignore}</testFailureIgnore>
  <testNGArtifactName default-value="org.testng:testng">${testNGArtifactName}</testNGArtifactName>
  <testSourceDirectory default-value="${project.build.testSourceDirectory}"/>
  <threadCount>${threadCount}</threadCount>
  <trimStackTrace default-value="true">${trimStackTrace}</trimStackTrace>
  <useFile default-value="true">${surefire.useFile}</useFile>
  <useManifestOnlyJar default-value="true">${surefire.useManifestOnlyJar}</useManifestOnlyJar>
  <useSystemClassLoader default-value="true">${surefire.useSystemClassLoader}</useSystemClassLoader>
  <useUnlimitedThreads default-value="false">${useUnlimitedThreads}</useUnlimitedThreads>
  <workingDirectory>${basedir}</workingDirectory>
  <project default-value="${project}"/>
  <session default-value="${session}"/>
</configuration>
[DEBUG] -----------------------------------------------------------------------
[DEBUG] Goal:          org.apache.maven.plugins:maven-jar-plugin:2.4:jar (default-jar)
[DEBUG] Style:         Regular
[DEBUG] Configuration: <?xml version="1.0" encoding="UTF-8"?>
<configuration>
  <classesDirectory default-value="${project.build.outputDirectory}"/>
  <defaultManifestFile default-value="${project.build.outputDirectory}/META-INF/MANIFEST.MF"/>
  <finalName default-value="${project.build.finalName}">${jar.finalName}</finalName>
  <forceCreation default-value="false">${jar.forceCreation}</forceCreation>
  <outputDirectory default-value="${project.build.directory}"/>
  <project default-value="${project}"/>
  <session default-value="${session}"/>
  <skipIfEmpty default-value="false">${jar.skipIfEmpty}</skipIfEmpty>
  <useDefaultManifestFile default-value="false">${jar.useDefaultManifestFile}</useDefaultManifestFile>
</configuration>
[DEBUG] =======================================================================
[DEBUG] Dependency collection stats: {ConflictMarker.analyzeTime=677741, ConflictMarker.markTime=163092, ConflictMarker.nodeCount=29, ConflictIdSorter.graphTime=393264, ConflictIdSorter.topsortTime=389754, ConflictIdSorter.conflictIdCount=14, ConflictIdSorter.conflictIdCycleCount=4, ConflictResolver.totalTime=3484226, ConflictResolver.conflictItemCount=23, DefaultDependencyCollector.collectTime=52331096, DefaultDependencyCollector.transformTime=6714585}
[DEBUG] com.example:depressed-knocker:jar:1.0-SNAPSHOT
[DEBUG]    org.openjfx:javafx-controls:jar:17:compile
[DEBUG]       org.openjfx:javafx-controls:jar:linux:17:compile
[DEBUG]       org.openjfx:javafx-graphics:jar:17:compile
[DEBUG]          org.openjfx:javafx-graphics:jar:linux:17:compile
[DEBUG]          org.openjfx:javafx-base:jar:17:compile
[DEBUG]             org.openjfx:javafx-base:jar:linux:17:compile
[DEBUG]    org.openjfx:javafx-fxml:jar:17:compile
[DEBUG]       org.openjfx:javafx-fxml:jar:linux:17:compile
[DEBUG]    org.junit.jupiter:junit-jupiter-api:jar:5.7.1:test
[DEBUG]       org.apiguardian:apiguardian-api:jar:1.1.0:test
[DEBUG]       org.opentest4j:opentest4j:jar:1.2.0:test
[DEBUG]       org.junit.platform:junit-platform-commons:jar:1.7.1:test
[DEBUG]    org.junit.jupiter:junit-jupiter-engine:jar:5.7.1:test
[DEBUG]       org.junit.platform:junit-platform-engine:jar:1.7.1:test
[INFO] 
[INFO] --- maven-resources-plugin:2.6:resources (default-resources) @ depressed-knocker ---
[DEBUG] Dependency collection stats: {ConflictMarker.analyzeTime=328627, ConflictMarker.markTime=168085, ConflictMarker.nodeCount=77, ConflictIdSorter.graphTime=165325, ConflictIdSorter.topsortTime=38614, ConflictIdSorter.conflictIdCount=26, ConflictIdSorter.conflictIdCycleCount=0, ConflictResolver.totalTime=2492576, ConflictResolver.conflictItemCount=74, DefaultDependencyCollector.collectTime=141936849, DefaultDependencyCollector.transformTime=3317539}
[DEBUG] org.apache.maven.plugins:maven-resources-plugin:jar:2.6
[DEBUG]    org.apache.maven:maven-plugin-api:jar:2.0.6:compile
[DEBUG]    org.apache.maven:maven-project:jar:2.0.6:compile
[DEBUG]       org.apache.maven:maven-profile:jar:2.0.6:compile
[DEBUG]       org.apache.maven:maven-artifact-manager:jar:2.0.6:compile
[DEBUG]       org.apache.maven:maven-plugin-registry:jar:2.0.6:compile
[DEBUG]    org.apache.maven:maven-core:jar:2.0.6:compile
[DEBUG]       org.apache.maven:maven-plugin-parameter-documenter:jar:2.0.6:compile
[DEBUG]       org.apache.maven.reporting:maven-reporting-api:jar:2.0.6:compile
[DEBUG]          org.apache.maven.doxia:doxia-sink-api:jar:1.0-alpha-7:compile
[DEBUG]       org.apache.maven:maven-repository-metadata:jar:2.0.6:compile
[DEBUG]       org.apache.maven:maven-error-diagnostics:jar:2.0.6:compile
[DEBUG]       commons-cli:commons-cli:jar:1.0:compile
[DEBUG]       org.apache.maven:maven-plugin-descriptor:jar:2.0.6:compile
[DEBUG]       org.codehaus.plexus:plexus-interactivity-api:jar:1.0-alpha-4:compile
[DEBUG]       classworlds:classworlds:jar:1.1:compile
[DEBUG]    org.apache.maven:maven-artifact:jar:2.0.6:compile
[DEBUG]    org.apache.maven:maven-settings:jar:2.0.6:compile
[DEBUG]    org.apache.maven:maven-model:jar:2.0.6:compile
[DEBUG]    org.apache.maven:maven-monitor:jar:2.0.6:compile
[DEBUG]    org.codehaus.plexus:plexus-container-default:jar:1.0-alpha-9-stable-1:compile
[DEBUG]       junit:junit:jar:3.8.1:compile
[DEBUG]    org.codehaus.plexus:plexus-utils:jar:2.0.5:compile
[DEBUG]    org.apache.maven.shared:maven-filtering:jar:1.1:compile
[DEBUG]       org.sonatype.plexus:plexus-build-api:jar:0.0.4:compile
[DEBUG]    org.codehaus.plexus:plexus-interpolation:jar:1.13:compile
[DEBUG] Created new class realm plugin>org.apache.maven.plugins:maven-resources-plugin:2.6
[DEBUG] Importing foreign packages into class realm plugin>org.apache.maven.plugins:maven-resources-plugin:2.6
[DEBUG]   Imported:  < maven.api
[DEBUG] Populating class realm plugin>org.apache.maven.plugins:maven-resources-plugin:2.6
[DEBUG]   Included: org.apache.maven.plugins:maven-resources-plugin:jar:2.6
[DEBUG]   Included: org.apache.maven.reporting:maven-reporting-api:jar:2.0.6
[DEBUG]   Included: org.apache.maven.doxia:doxia-sink-api:jar:1.0-alpha-7
[DEBUG]   Included: commons-cli:commons-cli:jar:1.0
[DEBUG]   Included: org.codehaus.plexus:plexus-interactivity-api:jar:1.0-alpha-4
[DEBUG]   Included: junit:junit:jar:3.8.1
[DEBUG]   Included: org.codehaus.plexus:plexus-utils:jar:2.0.5
[DEBUG]   Included: org.apache.maven.shared:maven-filtering:jar:1.1
[DEBUG]   Included: org.sonatype.plexus:plexus-build-api:jar:0.0.4
[DEBUG]   Included: org.codehaus.plexus:plexus-interpolation:jar:1.13
[DEBUG] Configuring mojo org.apache.maven.plugins:maven-resources-plugin:2.6:resources from plugin realm ClassRealm[plugin>org.apache.maven.plugins:maven-resources-plugin:2.6, parent: jdk.internal.loader.ClassLoaders$AppClassLoader@5cb0d902]
[DEBUG] Configuring mojo 'org.apache.maven.plugins:maven-resources-plugin:2.6:resources' with basic configurator -->
[DEBUG]   (f) buildFilters = []
[DEBUG]   (f) encoding = UTF-8
[DEBUG]   (f) escapeWindowsPaths = true
[DEBUG]   (s) includeEmptyDirs = false
[DEBUG]   (s) outputDirectory = /home/artamonov/test/depressed-knocker/target/classes
[DEBUG]   (s) overwrite = false
[DEBUG]   (f) project = MavenProject: com.example:depressed-knocker:1.0-SNAPSHOT @ /home/artamonov/test/depressed-knocker/pom.xml
[DEBUG]   (s) resources = [Resource {targetPath: null, filtering: false, FileSet {directory: /home/artamonov/test/depressed-knocker/src/main/resources, PatternSet [includes: {}, excludes: {}]}}]
[DEBUG]   (f) session = org.apache.maven.execution.MavenSession@1cbb3d3b
[DEBUG]   (f) supportMultiLineFiltering = false
[DEBUG]   (f) useBuildFilters = true
[DEBUG]   (s) useDefaultDelimiters = true
[DEBUG] -- end configuration --
[DEBUG] properties used {java.specification.version=17, sun.arch.data.model=64, java.vendor.url=https://java.oracle.com/, sun.boot.library.path=/home/artamonov/.jdks/openjdk-17/lib, sun.java.command=com.intellij.rt.execution.application.AppMainV2 org.codehaus.classworlds.Launcher -Didea.version=2021.3 --debug package, env.ALLURE_NO_ANALYTICS=1, jdk.debug=release, env.SSH_AGENT_PID=5411, maven.version=3.6.3, java.specification.vendor=Oracle Corporation, java.version.date=2021-09-14, java.home=/home/artamonov/.jdks/openjdk-17, env.DO_NOT_TRACK=1, java.vm.specification.vendor=Oracle Corporation, java.specification.name=Java Platform API Specification, sun.management.compiler=HotSpot 64-Bit Tiered Compilers, env.XDG_SESSION_PATH=/org/freedesktop/DisplayManager/Session1, java.runtime.version=17+35-2724, env.PATH=/home/artamonov/.poetry/bin:/home/artamonov/.local/bin:/usr/local/sbin:/usr/local/bin:/usr/sbin:/usr/bin:/sbin:/bin:/usr/games:/usr/local/games:/snap/bin:/home/artamonov/.dotnet/tools, env.XDG_SEAT=seat0, file.encoding=UTF-8, env.LC_IDENTIFICATION=ru_RU.UTF-8, env.LC_NUMERIC=ru_RU.UTF-8, env.XDG_SESSION_DESKTOP=KDE, env.SHLVL=0, java.io.tmpdir=/tmp, java.version=17, java.vm.specification.name=Java Virtual Machine Specification, native.encoding=UTF-8, java.library.path=/usr/java/packages/lib:/usr/lib64:/lib64:/lib:/usr/lib, java.vendor=Oracle Corporation, classworlds.conf=/home/artamonov/projects/intellij/community/plugins/maven/maven36-server-impl/lib/maven3/bin/m2.conf, sun.io.unicode.encoding=UnicodeLittle, env.XAUTHORITY=/home/artamonov/.Xauthority, env.SESSION_MANAGER=local/UNIT-1514:@/tmp/.ICE-unix/5489,unix/UNIT-1514:/tmp/.ICE-unix/5489, env.LANG=en_US.UTF-8, env.PAM_KWALLET5_LOGIN=/run/user/1000/kwallet5.socket, env.LC_MONETARY=ru_RU.UTF-8, env.XDG_DATA_DIRS=/usr/share/plasma:/usr/local/share:/usr/share:/var/lib/snapd/desktop, java.vm.specification.version=17, os.name=Linux, junit.version=5.7.1, env.DISPLAY=:0, user.home=/home/artamonov, env.GPG_AGENT_INFO=/run/user/1000/gnupg/S.gpg-agent:0:1, env.DBUS_SESSION_BUS_ADDRESS=unix:path=/run/user/1000/bus, path.separator=:, os.version=5.4.0-84-generic, java.vm.name=OpenJDK 64-Bit Server VM, env.KDE_SESSION_UID=1000, env.LC_ADDRESS=ru_RU.UTF-8, env.SHELL=/bin/bash, maven.ext.class.path=/home/artamonov/projects/intellij/out/classes/production/intellij.maven.server.eventListener, env.XDG_SEAT_PATH=/org/freedesktop/DisplayManager/Seat0, idea.launcher.bin.path=/home/artamonov/projects/intellij/bin, os.arch=amd64, env.DOTNET_CLI_TELEMETRY_OPTOUT=true, maven.multiModuleProjectDirectory=/home/artamonov/test/depressed-knocker, env.DESKTOP_SESSION=plasma, java.vm.info=mixed mode, sharing, env.USER=artamonov, java.class.version=61.0, env.KDE_SESSION_VERSION=5, sun.jnu.encoding=UTF-8, env.QT_SCREEN_SCALE_FACTORS=eDP-1=1;DP-1=1;DP-2=1;DP-3=1;, env.JDK_5=/usr/lib/jvm/java-1.8.0-openjdk-amd64, env.DEFAULTS_PATH=/usr/share/gconf/plasma.default.path, maven.build.version=Apache Maven 3.6.3 (cecedd343002696d0abb50b32b541b8a6ba2883f), maven.home=/home/artamonov/projects/intellij/community/plugins/maven/maven36-server-impl/lib/maven3, idea.launcher.port=42033, file.separator=/, java.vm.compressedOopsMode=Zero based, line.separator=
, env.LC_TELEPHONE=ru_RU.UTF-8, user.name=artamonov, env.LC_TIME=ru_RU.UTF-8, env.LOGNAME=artamonov, env.XDG_VTNR=1, env.XCURSOR_THEME=breeze_cursors, env.XCURSOR_SIZE=24, idea.version=2021.3, env.SSH_AUTH_SOCK=/tmp/ssh-zv6PVxDls1NB/agent.5367, env.XDG_RUNTIME_DIR=/run/user/1000, env.KDE_FULL_SESSION=true, env.XDG_SESSION_TYPE=x11, env.XDG_SESSION_CLASS=user, env.LC_MEASUREMENT=ru_RU.UTF-8, env.OLDPWD=/home/artamonov, env.PWD=/home/artamonov/test/depressed-knocker, env.LC_NAME=ru_RU.UTF-8, java.class.path=/home/artamonov/projects/intellij/community/plugins/maven/maven36-server-impl/lib/maven3/boot/plexus-classworlds.license:/home/artamonov/projects/intellij/community/plugins/maven/maven36-server-impl/lib/maven3/boot/plexus-classworlds-2.6.0.jar:/home/artamonov/projects/intellij/out/classes/production/intellij.java.rt, env.HOME=/home/artamonov, java.vm.vendor=Oracle Corporation, maven.conf=/home/artamonov/projects/intellij/community/plugins/maven/maven36-server-impl/lib/maven3/conf, sun.java.launcher=SUN_STANDARD, user.country=US, env.QT_ACCESSIBILITY=1, sun.cpu.endian=little, user.language=en, env.MANDATORY_PATH=/usr/share/gconf/plasma.mandatory.path, env.LC_PAPER=ru_RU.UTF-8, java.runtime.name=OpenJDK Runtime Environment, env.XDG_SESSION_ID=3, project.build.sourceEncoding=UTF-8, java.vendor.url.bug=https://bugreport.java.com/bugreport/, env.XDG_CONFIG_DIRS=/etc/xdg/xdg-plasma:/etc/xdg:/usr/share/kubuntu-default-settings/kf5-settings, user.dir=/home/artamonov/test/depressed-knocker, env.XDG_CURRENT_DESKTOP=KDE, java.vm.version=17+35-2724, env.TOOLBOX_VERSION=1.21.10017, env.QT_AUTO_SCREEN_SCALE_FACTOR=0}
[INFO] Using 'UTF-8' encoding to copy filtered resources.
[DEBUG] resource with targetPath null
directory /home/artamonov/test/depressed-knocker/src/main/resources
excludes []
includes []
[DEBUG] ignoreDelta true
[INFO] Copying 1 resource
[DEBUG] file hello-view.fxml has a filtered file extension
[DEBUG] copy /home/artamonov/test/depressed-knocker/src/main/resources/com/example/depressedknocker/hello-view.fxml to /home/artamonov/test/depressed-knocker/target/classes/com/example/depressedknocker/hello-view.fxml
[DEBUG] no use filter components
[INFO] 
[INFO] --- maven-compiler-plugin:3.8.1:compile (default-compile) @ depressed-knocker ---
[DEBUG] Dependency collection stats: {ConflictMarker.analyzeTime=513847, ConflictMarker.markTime=204352, ConflictMarker.nodeCount=118, ConflictIdSorter.graphTime=261018, ConflictIdSorter.topsortTime=69740, ConflictIdSorter.conflictIdCount=45, ConflictIdSorter.conflictIdCycleCount=0, ConflictResolver.totalTime=2466894, ConflictResolver.conflictItemCount=72, DefaultDependencyCollector.collectTime=251595103, DefaultDependencyCollector.transformTime=3550019}
[DEBUG] org.apache.maven.plugins:maven-compiler-plugin:jar:3.8.1
[DEBUG]    org.apache.maven:maven-plugin-api:jar:3.0:compile
[DEBUG]       org.apache.maven:maven-model:jar:3.0:compile
[DEBUG]       org.sonatype.sisu:sisu-inject-plexus:jar:1.4.2:compile
[DEBUG]          org.sonatype.sisu:sisu-inject-bean:jar:1.4.2:compile
[DEBUG]             org.sonatype.sisu:sisu-guice:jar:noaop:2.1.7:compile
[DEBUG]    org.apache.maven:maven-artifact:jar:3.0:compile
[DEBUG]       org.codehaus.plexus:plexus-utils:jar:2.0.4:compile
[DEBUG]    org.apache.maven:maven-core:jar:3.0:compile
[DEBUG]       org.apache.maven:maven-settings:jar:3.0:compile
[DEBUG]       org.apache.maven:maven-settings-builder:jar:3.0:compile
[DEBUG]       org.apache.maven:maven-repository-metadata:jar:3.0:compile
[DEBUG]       org.apache.maven:maven-model-builder:jar:3.0:compile
[DEBUG]       org.apache.maven:maven-aether-provider:jar:3.0:runtime
[DEBUG]       org.sonatype.aether:aether-impl:jar:1.7:compile
[DEBUG]          org.sonatype.aether:aether-spi:jar:1.7:compile
[DEBUG]       org.sonatype.aether:aether-api:jar:1.7:compile
[DEBUG]       org.sonatype.aether:aether-util:jar:1.7:compile
[DEBUG]       org.codehaus.plexus:plexus-interpolation:jar:1.14:compile
[DEBUG]       org.codehaus.plexus:plexus-classworlds:jar:2.2.3:compile
[DEBUG]       org.codehaus.plexus:plexus-component-annotations:jar:1.7.1:compile (version managed from default)
[DEBUG]       org.sonatype.plexus:plexus-sec-dispatcher:jar:1.3:compile
[DEBUG]          org.sonatype.plexus:plexus-cipher:jar:1.4:compile
[DEBUG]    org.apache.maven.shared:maven-shared-utils:jar:3.2.1:compile
[DEBUG]       commons-io:commons-io:jar:2.5:compile
[DEBUG]    org.apache.maven.shared:maven-shared-incremental:jar:1.1:compile
[DEBUG]    org.codehaus.plexus:plexus-java:jar:0.9.10:compile
[DEBUG]       org.ow2.asm:asm:jar:6.2:compile
[DEBUG]       com.thoughtworks.qdox:qdox:jar:2.0-M9:compile (version managed from default)
[DEBUG]    org.codehaus.plexus:plexus-compiler-api:jar:2.8.4:compile
[DEBUG]    org.codehaus.plexus:plexus-compiler-manager:jar:2.8.4:compile
[DEBUG]    org.codehaus.plexus:plexus-compiler-javac:jar:2.8.4:runtime
[DEBUG] Created new class realm plugin>org.apache.maven.plugins:maven-compiler-plugin:3.8.1
[DEBUG] Importing foreign packages into class realm plugin>org.apache.maven.plugins:maven-compiler-plugin:3.8.1
[DEBUG]   Imported:  < maven.api
[DEBUG] Populating class realm plugin>org.apache.maven.plugins:maven-compiler-plugin:3.8.1
[DEBUG]   Included: org.apache.maven.plugins:maven-compiler-plugin:jar:3.8.1
[DEBUG]   Included: org.sonatype.sisu:sisu-inject-bean:jar:1.4.2
[DEBUG]   Included: org.sonatype.sisu:sisu-guice:jar:noaop:2.1.7
[DEBUG]   Included: org.codehaus.plexus:plexus-utils:jar:2.0.4
[DEBUG]   Included: org.sonatype.aether:aether-util:jar:1.7
[DEBUG]   Included: org.codehaus.plexus:plexus-interpolation:jar:1.14
[DEBUG]   Included: org.codehaus.plexus:plexus-component-annotations:jar:1.7.1
[DEBUG]   Included: org.sonatype.plexus:plexus-sec-dispatcher:jar:1.3
[DEBUG]   Included: org.sonatype.plexus:plexus-cipher:jar:1.4
[DEBUG]   Included: org.apache.maven.shared:maven-shared-utils:jar:3.2.1
[DEBUG]   Included: commons-io:commons-io:jar:2.5
[DEBUG]   Included: org.apache.maven.shared:maven-shared-incremental:jar:1.1
[DEBUG]   Included: org.codehaus.plexus:plexus-java:jar:0.9.10
[DEBUG]   Included: org.ow2.asm:asm:jar:6.2
[DEBUG]   Included: com.thoughtworks.qdox:qdox:jar:2.0-M9
[DEBUG]   Included: org.codehaus.plexus:plexus-compiler-api:jar:2.8.4
[DEBUG]   Included: org.codehaus.plexus:plexus-compiler-manager:jar:2.8.4
[DEBUG]   Included: org.codehaus.plexus:plexus-compiler-javac:jar:2.8.4
[DEBUG] Configuring mojo org.apache.maven.plugins:maven-compiler-plugin:3.8.1:compile from plugin realm ClassRealm[plugin>org.apache.maven.plugins:maven-compiler-plugin:3.8.1, parent: jdk.internal.loader.ClassLoaders$AppClassLoader@5cb0d902]
[DEBUG] Configuring mojo 'org.apache.maven.plugins:maven-compiler-plugin:3.8.1:compile' with basic configurator -->
[DEBUG]   (f) basedir = /home/artamonov/test/depressed-knocker
[DEBUG]   (f) buildDirectory = /home/artamonov/test/depressed-knocker/target
[DEBUG]   (f) compilePath = [/home/artamonov/test/depressed-knocker/target/classes, /home/artamonov/.m2/repository/org/openjfx/javafx-controls/17/javafx-controls-17.jar, /home/artamonov/.m2/repository/org/openjfx/javafx-controls/17/javafx-controls-17-linux.jar, /home/artamonov/.m2/repository/org/openjfx/javafx-graphics/17/javafx-graphics-17.jar, /home/artamonov/.m2/repository/org/openjfx/javafx-graphics/17/javafx-graphics-17-linux.jar, /home/artamonov/.m2/repository/org/openjfx/javafx-base/17/javafx-base-17.jar, /home/artamonov/.m2/repository/org/openjfx/javafx-base/17/javafx-base-17-linux.jar, /home/artamonov/.m2/repository/org/openjfx/javafx-fxml/17/javafx-fxml-17.jar, /home/artamonov/.m2/repository/org/openjfx/javafx-fxml/17/javafx-fxml-17-linux.jar]
[DEBUG]   (f) compileSourceRoots = [/home/artamonov/test/depressed-knocker/src/main/java]
[DEBUG]   (f) compilerId = javac
[DEBUG]   (f) debug = true
[DEBUG]   (f) encoding = UTF-8
[DEBUG]   (f) failOnError = true
[DEBUG]   (f) failOnWarning = false
[DEBUG]   (f) forceJavacCompilerUse = false
[DEBUG]   (f) fork = false
[DEBUG]   (f) generatedSourcesDirectory = /home/artamonov/test/depressed-knocker/target/generated-sources/annotations
[DEBUG]   (f) mojoExecution = org.apache.maven.plugins:maven-compiler-plugin:3.8.1:compile {execution: default-compile}
[DEBUG]   (f) optimize = false
[DEBUG]   (f) outputDirectory = /home/artamonov/test/depressed-knocker/target/classes
[DEBUG]   (f) parameters = false
[DEBUG]   (f) project = MavenProject: com.example:depressed-knocker:1.0-SNAPSHOT @ /home/artamonov/test/depressed-knocker/pom.xml
[DEBUG]   (f) projectArtifact = com.example:depressed-knocker:jar:1.0-SNAPSHOT
[DEBUG]   (f) session = org.apache.maven.execution.MavenSession@1cbb3d3b
[DEBUG]   (f) showDeprecation = false
[DEBUG]   (f) showWarnings = false
[DEBUG]   (f) skipMultiThreadWarning = false
[DEBUG]   (f) source = 17
[DEBUG]   (f) staleMillis = 0
[DEBUG]   (s) target = 17
[DEBUG]   (f) useIncrementalCompilation = true
[DEBUG]   (f) verbose = false
[DEBUG] -- end configuration --
[DEBUG] Using compiler 'javac'.
[DEBUG] Adding /home/artamonov/test/depressed-knocker/target/generated-sources/annotations to compile source roots:
  /home/artamonov/test/depressed-knocker/src/main/java
[DEBUG] New compile source roots:
  /home/artamonov/test/depressed-knocker/src/main/java
  /home/artamonov/test/depressed-knocker/target/generated-sources/annotations
[DEBUG] CompilerReuseStrategy: reuseCreated
[DEBUG] useIncrementalCompilation enabled
[DEBUG] Stale source detected: /home/artamonov/test/depressed-knocker/src/main/java/com/example/depressedknocker/HelloController.java
[DEBUG] Stale source detected: /home/artamonov/test/depressed-knocker/src/main/java/com/example/depressedknocker/HelloApplication.java
[DEBUG] Stale source detected: /home/artamonov/test/depressed-knocker/src/main/java/module-info.java
[INFO] Changes detected - recompiling the module!
[DEBUG] Classpath:
[DEBUG]  /home/artamonov/test/depressed-knocker/target/classes
[DEBUG] Modulepath:
[DEBUG]  /home/artamonov/.m2/repository/org/openjfx/javafx-controls/17/javafx-controls-17.jar
[DEBUG]  /home/artamonov/.m2/repository/org/openjfx/javafx-graphics/17/javafx-graphics-17.jar
[DEBUG]  /home/artamonov/.m2/repository/org/openjfx/javafx-base/17/javafx-base-17.jar
[DEBUG]  /home/artamonov/.m2/repository/org/openjfx/javafx-fxml/17/javafx-fxml-17.jar
[DEBUG] Source roots:
[DEBUG]  /home/artamonov/test/depressed-knocker/src/main/java
[DEBUG]  /home/artamonov/test/depressed-knocker/target/generated-sources/annotations
[DEBUG] Command line options:
[DEBUG] -d /home/artamonov/test/depressed-knocker/target/classes -classpath /home/artamonov/test/depressed-knocker/target/classes: --module-path /home/artamonov/.m2/repository/org/openjfx/javafx-controls/17/javafx-controls-17.jar:/home/artamonov/.m2/repository/org/openjfx/javafx-graphics/17/javafx-graphics-17.jar:/home/artamonov/.m2/repository/org/openjfx/javafx-base/17/javafx-base-17.jar:/home/artamonov/.m2/repository/org/openjfx/javafx-fxml/17/javafx-fxml-17.jar: -sourcepath /home/artamonov/test/depressed-knocker/src/main/java:/home/artamonov/test/depressed-knocker/target/generated-sources/annotations: -s /home/artamonov/test/depressed-knocker/target/generated-sources/annotations -g -nowarn -target 17 -source 17 -encoding UTF-8 --module-version 1.0-SNAPSHOT
[DEBUG] incrementalBuildHelper#beforeRebuildExecution
[INFO] Compiling 3 source files to /home/artamonov/test/depressed-knocker/target/classes
[DEBUG] incrementalBuildHelper#afterRebuildExecution
[INFO] -------------------------------------------------------------
[ERROR] COMPILATION ERROR : 
[INFO] -------------------------------------------------------------
[ERROR] /home/artamonov/test/depressed-knocker/src/main/java/com/example/depressedknocker/HelloApplication.java:[3,26] package javafx.application does not exist
[ERROR] /home/artamonov/test/depressed-knocker/src/main/java/com/example/depressedknocker/HelloApplication.java:[4,19] package javafx.fxml does not exist
[ERROR] /home/artamonov/test/depressed-knocker/src/main/java/com/example/depressedknocker/HelloApplication.java:[5,20] package javafx.scene does not exist
[ERROR] /home/artamonov/test/depressed-knocker/src/main/java/com/example/depressedknocker/HelloApplication.java:[6,20] package javafx.stage does not exist
[ERROR] /home/artamonov/test/depressed-knocker/src/main/java/com/example/depressedknocker/HelloApplication.java:[10,39] cannot find symbol
  symbol: class Application
[ERROR] /home/artamonov/test/depressed-knocker/src/main/java/com/example/depressedknocker/HelloApplication.java:[12,23] cannot find symbol
  symbol:   class Stage
  location: class com.example.depressedknocker.HelloApplication
[ERROR] /home/artamonov/test/depressed-knocker/src/main/java/com/example/depressedknocker/HelloController.java:[3,19] package javafx.fxml does not exist
[ERROR] /home/artamonov/test/depressed-knocker/src/main/java/com/example/depressedknocker/HelloController.java:[4,28] package javafx.scene.control does not exist
[ERROR] /home/artamonov/test/depressed-knocker/src/main/java/com/example/depressedknocker/HelloController.java:[8,13] cannot find symbol
  symbol:   class Label
  location: class com.example.depressedknocker.HelloController
[ERROR] /home/artamonov/test/depressed-knocker/src/main/java/com/example/depressedknocker/HelloController.java:[7,6] cannot find symbol
  symbol:   class FXML
  location: class com.example.depressedknocker.HelloController
[ERROR] /home/artamonov/test/depressed-knocker/src/main/java/com/example/depressedknocker/HelloController.java:[10,6] cannot find symbol
  symbol:   class FXML
  location: class com.example.depressedknocker.HelloController
[ERROR] /home/artamonov/test/depressed-knocker/src/main/java/com/example/depressedknocker/HelloApplication.java:[11,5] method does not override or implement a method from a supertype
[ERROR] /home/artamonov/test/depressed-knocker/src/main/java/com/example/depressedknocker/HelloApplication.java:[13,9] cannot find symbol
  symbol:   class FXMLLoader
  location: class com.example.depressedknocker.HelloApplication
[ERROR] /home/artamonov/test/depressed-knocker/src/main/java/com/example/depressedknocker/HelloApplication.java:[13,37] cannot find symbol
  symbol:   class FXMLLoader
  location: class com.example.depressedknocker.HelloApplication
[ERROR] /home/artamonov/test/depressed-knocker/src/main/java/com/example/depressedknocker/HelloApplication.java:[14,9] cannot find symbol
  symbol:   class Scene
  location: class com.example.depressedknocker.HelloApplication
[ERROR] /home/artamonov/test/depressed-knocker/src/main/java/com/example/depressedknocker/HelloApplication.java:[14,27] cannot find symbol
  symbol:   class Scene
  location: class com.example.depressedknocker.HelloApplication
[ERROR] /home/artamonov/test/depressed-knocker/src/main/java/com/example/depressedknocker/HelloApplication.java:[21,9] cannot find symbol
  symbol:   method launch()
  location: class com.example.depressedknocker.HelloApplication
[INFO] 17 errors 
[INFO] -------------------------------------------------------------
[INFO] ------------------------------------------------------------------------
[INFO] BUILD FAILURE
[INFO] ------------------------------------------------------------------------
[INFO] Total time:  1.624 s
[INFO] Finished at: 2021-09-15T09:48:22+03:00
[INFO] ------------------------------------------------------------------------
[ERROR] Failed to execute goal org.apache.maven.plugins:maven-compiler-plugin:3.8.1:compile (default-compile) on project depressed-knocker: Compilation failure: Compilation failure: 
[ERROR] /home/artamonov/test/depressed-knocker/src/main/java/com/example/depressedknocker/HelloApplication.java:[3,26] package javafx.application does not exist
[ERROR] /home/artamonov/test/depressed-knocker/src/main/java/com/example/depressedknocker/HelloApplication.java:[4,19] package javafx.fxml does not exist
[ERROR] /home/artamonov/test/depressed-knocker/src/main/java/com/example/depressedknocker/HelloApplication.java:[5,20] package javafx.scene does not exist
[ERROR] /home/artamonov/test/depressed-knocker/src/main/java/com/example/depressedknocker/HelloApplication.java:[6,20] package javafx.stage does not exist
[ERROR] /home/artamonov/test/depressed-knocker/src/main/java/com/example/depressedknocker/HelloApplication.java:[10,39] cannot find symbol
[ERROR]   symbol: class Application
[ERROR] /home/artamonov/test/depressed-knocker/src/main/java/com/example/depressedknocker/HelloApplication.java:[12,23] cannot find symbol
[ERROR]   symbol:   class Stage
[ERROR]   location: class com.example.depressedknocker.HelloApplication
[ERROR] /home/artamonov/test/depressed-knocker/src/main/java/com/example/depressedknocker/HelloController.java:[3,19] package javafx.fxml does not exist
[ERROR] /home/artamonov/test/depressed-knocker/src/main/java/com/example/depressedknocker/HelloController.java:[4,28] package javafx.scene.control does not exist
[ERROR] /home/artamonov/test/depressed-knocker/src/main/java/com/example/depressedknocker/HelloController.java:[8,13] cannot find symbol
[ERROR]   symbol:   class Label
[ERROR]   location: class com.example.depressedknocker.HelloController
[ERROR] /home/artamonov/test/depressed-knocker/src/main/java/com/example/depressedknocker/HelloController.java:[7,6] cannot find symbol
[ERROR]   symbol:   class FXML
[ERROR]   location: class com.example.depressedknocker.HelloController
[ERROR] /home/artamonov/test/depressed-knocker/src/main/java/com/example/depressedknocker/HelloController.java:[10,6] cannot find symbol
[ERROR]   symbol:   class FXML
[ERROR]   location: class com.example.depressedknocker.HelloController
[ERROR] /home/artamonov/test/depressed-knocker/src/main/java/com/example/depressedknocker/HelloApplication.java:[11,5] method does not override or implement a method from a supertype
[ERROR] /home/artamonov/test/depressed-knocker/src/main/java/com/example/depressedknocker/HelloApplication.java:[13,9] cannot find symbol
[ERROR]   symbol:   class FXMLLoader
[ERROR]   location: class com.example.depressedknocker.HelloApplication
[ERROR] /home/artamonov/test/depressed-knocker/src/main/java/com/example/depressedknocker/HelloApplication.java:[13,37] cannot find symbol
[ERROR]   symbol:   class FXMLLoader
[ERROR]   location: class com.example.depressedknocker.HelloApplication
[ERROR] /home/artamonov/test/depressed-knocker/src/main/java/com/example/depressedknocker/HelloApplication.java:[14,9] cannot find symbol
[ERROR]   symbol:   class Scene
[ERROR]   location: class com.example.depressedknocker.HelloApplication
[ERROR] /home/artamonov/test/depressed-knocker/src/main/java/com/example/depressedknocker/HelloApplication.java:[14,27] cannot find symbol
[ERROR]   symbol:   class Scene
[ERROR]   location: class com.example.depressedknocker.HelloApplication
[ERROR] /home/artamonov/test/depressed-knocker/src/main/java/com/example/depressedknocker/HelloApplication.java:[21,9] cannot find symbol
[ERROR]   symbol:   method launch()
[ERROR]   location: class com.example.depressedknocker.HelloApplication
[ERROR] -> [Help 1]
org.apache.maven.lifecycle.LifecycleExecutionException: Failed to execute goal org.apache.maven.plugins:maven-compiler-plugin:3.8.1:compile (default-compile) on project depressed-knocker: Compilation failure
    at org.apache.maven.lifecycle.internal.MojoExecutor.execute (MojoExecutor.java:215)
    at org.apache.maven.lifecycle.internal.MojoExecutor.execute (MojoExecutor.java:156)
    at org.apache.maven.lifecycle.internal.MojoExecutor.execute (MojoExecutor.java:148)
    at org.apache.maven.lifecycle.internal.LifecycleModuleBuilder.buildProject (LifecycleModuleBuilder.java:117)
    at org.apache.maven.lifecycle.internal.LifecycleModuleBuilder.buildProject (LifecycleModuleBuilder.java:81)
    at org.apache.maven.lifecycle.internal.builder.singlethreaded.SingleThreadedBuilder.build (SingleThreadedBuilder.java:56)
    at org.apache.maven.lifecycle.internal.LifecycleStarter.execute (LifecycleStarter.java:128)
    at org.apache.maven.DefaultMaven.doExecute (DefaultMaven.java:305)
    at org.apache.maven.DefaultMaven.doExecute (DefaultMaven.java:192)
    at org.apache.maven.DefaultMaven.execute (DefaultMaven.java:105)
    at org.apache.maven.cli.MavenCli.execute (MavenCli.java:957)
    at org.apache.maven.cli.MavenCli.doMain (MavenCli.java:289)
    at org.apache.maven.cli.MavenCli.main (MavenCli.java:193)
    at jdk.internal.reflect.NativeMethodAccessorImpl.invoke0 (Native Method)
    at jdk.internal.reflect.NativeMethodAccessorImpl.invoke (NativeMethodAccessorImpl.java:77)
    at jdk.internal.reflect.DelegatingMethodAccessorImpl.invoke (DelegatingMethodAccessorImpl.java:43)
    at java.lang.reflect.Method.invoke (Method.java:568)
    at org.codehaus.plexus.classworlds.launcher.Launcher.launchEnhanced (Launcher.java:282)
    at org.codehaus.plexus.classworlds.launcher.Launcher.launch (Launcher.java:225)
    at org.codehaus.plexus.classworlds.launcher.Launcher.mainWithExitCode (Launcher.java:406)
    at org.codehaus.plexus.classworlds.launcher.Launcher.main (Launcher.java:347)
    at org.codehaus.classworlds.Launcher.main (Launcher.java:47)
    at jdk.internal.reflect.NativeMethodAccessorImpl.invoke0 (Native Method)
    at jdk.internal.reflect.NativeMethodAccessorImpl.invoke (NativeMethodAccessorImpl.java:77)
    at jdk.internal.reflect.DelegatingMethodAccessorImpl.invoke (DelegatingMethodAccessorImpl.java:43)
    at java.lang.reflect.Method.invoke (Method.java:568)
    at com.intellij.rt.execution.application.AppMainV2.main (AppMainV2.java:115)
Caused by: org.apache.maven.plugin.compiler.CompilationFailureException: Compilation failure
    at org.apache.maven.plugin.compiler.AbstractCompilerMojo.execute (AbstractCompilerMojo.java:1220)
    at org.apache.maven.plugin.compiler.CompilerMojo.execute (CompilerMojo.java:187)
    at org.apache.maven.plugin.DefaultBuildPluginManager.executeMojo (DefaultBuildPluginManager.java:137)
    at org.apache.maven.lifecycle.internal.MojoExecutor.execute (MojoExecutor.java:210)
    at org.apache.maven.lifecycle.internal.MojoExecutor.execute (MojoExecutor.java:156)
    at org.apache.maven.lifecycle.internal.MojoExecutor.execute (MojoExecutor.java:148)
    at org.apache.maven.lifecycle.internal.LifecycleModuleBuilder.buildProject (LifecycleModuleBuilder.java:117)
    at org.apache.maven.lifecycle.internal.LifecycleModuleBuilder.buildProject (LifecycleModuleBuilder.java:81)
    at org.apache.maven.lifecycle.internal.builder.singlethreaded.SingleThreadedBuilder.build (SingleThreadedBuilder.java:56)
    at org.apache.maven.lifecycle.internal.LifecycleStarter.execute (LifecycleStarter.java:128)
    at org.apache.maven.DefaultMaven.doExecute (DefaultMaven.java:305)
    at org.apache.maven.DefaultMaven.doExecute (DefaultMaven.java:192)
    at org.apache.maven.DefaultMaven.execute (DefaultMaven.java:105)
    at org.apache.maven.cli.MavenCli.execute (MavenCli.java:957)
    at org.apache.maven.cli.MavenCli.doMain (MavenCli.java:289)
    at org.apache.maven.cli.MavenCli.main (MavenCli.java:193)
    at jdk.internal.reflect.NativeMethodAccessorImpl.invoke0 (Native Method)
    at jdk.internal.reflect.NativeMethodAccessorImpl.invoke (NativeMethodAccessorImpl.java:77)
    at jdk.internal.reflect.DelegatingMethodAccessorImpl.invoke (DelegatingMethodAccessorImpl.java:43)
    at java.lang.reflect.Method.invoke (Method.java:568)
    at org.codehaus.plexus.classworlds.launcher.Launcher.launchEnhanced (Launcher.java:282)
    at org.codehaus.plexus.classworlds.launcher.Launcher.launch (Launcher.java:225)
    at org.codehaus.plexus.classworlds.launcher.Launcher.mainWithExitCode (Launcher.java:406)
    at org.codehaus.plexus.classworlds.launcher.Launcher.main (Launcher.java:347)
    at org.codehaus.classworlds.Launcher.main (Launcher.java:47)
    at jdk.internal.reflect.NativeMethodAccessorImpl.invoke0 (Native Method)
    at jdk.internal.reflect.NativeMethodAccessorImpl.invoke (NativeMethodAccessorImpl.java:77)
    at jdk.internal.reflect.DelegatingMethodAccessorImpl.invoke (DelegatingMethodAccessorImpl.java:43)
    at java.lang.reflect.Method.invoke (Method.java:568)
    at com.intellij.rt.execution.application.AppMainV2.main (AppMainV2.java:115)
[ERROR] 
[ERROR] 
[ERROR] For more information about the errors and possible solutions, please read the following articles:
[ERROR] [Help 1] http://cwiki.apache.org/confluence/display/MAVEN/MojoFailureException

Process finished with exit code 1
